<?xml version="1.0" encoding="UTF-8"?>
<<<<<<< HEAD
<testsuite xmlns:xsi="http://www.w3.org/2001/XMLSchema-instance" xsi:noNamespaceSchemaLocation="https://maven.apache.org/surefire/maven-surefire-plugin/xsd/surefire-test-report.xsd" name="studos.AppTest" time="0.221" tests="1" errors="0" skipped="0" failures="0">
=======
<<<<<<< HEAD
<testsuite xmlns:xsi="http://www.w3.org/2001/XMLSchema-instance" xsi:noNamespaceSchemaLocation="https://maven.apache.org/surefire/maven-surefire-plugin/xsd/surefire-test-report.xsd" name="studos.AppTest" time="0.067" tests="1" errors="0" skipped="0" failures="0">
=======
<testsuite xmlns:xsi="http://www.w3.org/2001/XMLSchema-instance" xsi:noNamespaceSchemaLocation="https://maven.apache.org/surefire/maven-surefire-plugin/xsd/surefire-test-report.xsd" name="studos.AppTest" time="0.04" tests="1" errors="0" skipped="0" failures="0">
>>>>>>> a15a57775f88bf58a8c061e6cda4ce835cc89781
>>>>>>> fe0236af4adabf7e706d6387c9f01de95b49c456
  <properties>
    <property name="sun.desktop" value="windows"/>
    <property name="awt.toolkit" value="sun.awt.windows.WToolkit"/>
    <property name="file.encoding.pkg" value="sun.io"/>
    <property name="java.specification.version" value="1.8"/>
    <property name="sun.cpu.isalist" value="amd64"/>
<<<<<<< HEAD
    <property name="sun.jnu.encoding" value="Cp1252"/>
    <property name="java.class.path" value="C:\Users\Emanuil\Desktop\FutureBuiseness\newPr\Studos\target\test-classes;C:\Users\Emanuil\Desktop\FutureBuiseness\newPr\Studos\target\classes;C:\Users\Emanuil\.m2\repository\junit\junit\4.11\junit-4.11.jar;C:\Users\Emanuil\.m2\repository\org\hamcrest\hamcrest-core\1.3\hamcrest-core-1.3.jar;"/>
=======
    <property name="sun.jnu.encoding" value="Cp1250"/>
    <property name="java.class.path" value="C:\Users\Sebastian\StudosApp\Studos\target\test-classes;C:\Users\Sebastian\StudosApp\Studos\target\classes;C:\Users\Sebastian\.m2\repository\junit\junit\4.11\junit-4.11.jar;C:\Users\Sebastian\.m2\repository\org\hamcrest\hamcrest-core\1.3\hamcrest-core-1.3.jar;"/>
>>>>>>> fe0236af4adabf7e706d6387c9f01de95b49c456
    <property name="java.vm.vendor" value="Amazon.com Inc."/>
    <property name="sun.arch.data.model" value="64"/>
    <property name="user.variant" value=""/>
    <property name="java.vendor.url" value="https://aws.amazon.com/corretto/"/>
<<<<<<< HEAD
    <property name="user.timezone" value="Europe/Berlin"/>
    <property name="java.vm.specification.version" value="1.8"/>
=======
    <property name="user.timezone" value="Europe/Belgrade"/>
    <property name="java.vm.specification.version" value="11"/>
>>>>>>> fe0236af4adabf7e706d6387c9f01de95b49c456
    <property name="os.name" value="Windows 10"/>
    <property name="user.country" value="US"/>
    <property name="sun.java.launcher" value="SUN_STANDARD"/>
<<<<<<< HEAD
    <property name="sun.boot.library.path" value="C:\Program Files\Amazon Corretto\jdk1.8.0_222\jre\bin"/>
    <property name="sun.java.command" value="C:\Users\Emanuil\AppData\Local\Temp\surefire5787920132515172662\surefirebooter6804218177166447677.jar C:\Users\Emanuil\AppData\Local\Temp\surefire5787920132515172662 2019-12-12T22-56-52_372-jvmRun1 surefire5794166593248681042tmp surefire_05351587916519845033tmp"/>
    <property name="surefire.test.class.path" value="C:\Users\Emanuil\Desktop\FutureBuiseness\newPr\Studos\target\test-classes;C:\Users\Emanuil\Desktop\FutureBuiseness\newPr\Studos\target\classes;C:\Users\Emanuil\.m2\repository\junit\junit\4.11\junit-4.11.jar;C:\Users\Emanuil\.m2\repository\org\hamcrest\hamcrest-core\1.3\hamcrest-core-1.3.jar;"/>
    <property name="sun.cpu.endian" value="little"/>
    <property name="user.home" value="C:\Users\Emanuil"/>
    <property name="user.language" value="en"/>
    <property name="java.specification.vendor" value="Oracle Corporation"/>
    <property name="java.home" value="C:\Program Files\Amazon Corretto\jdk1.8.0_222\jre"/>
    <property name="basedir" value="C:\Users\Emanuil\Desktop\FutureBuiseness\newPr\Studos"/>
    <property name="file.separator" value="\"/>
=======
    <property name="user.country" value="PL"/>
<<<<<<< HEAD
    <property name="sun.boot.library.path" value="C:\Program Files\AdoptOpenJDK\jdk-11.0.5.10-hotspot\bin"/>
    <property name="sun.java.command" value="C:\Users\Adrian\AppData\Local\Temp\surefire10555395378832625123\surefirebooter1355959534478970267.jar C:\Users\Adrian\AppData\Local\Temp\surefire10555395378832625123 2019-12-12T23-41-03_370-jvmRun1 surefire12883242749176080280tmp surefire_04498530869433150691tmp"/>
=======
    <property name="sun.boot.library.path" value="C:\Biblioteki\Amazon-Corretto\jdk11.0.5_10\bin"/>
    <property name="sun.java.command" value="C:\Users\SEBAST~1\AppData\Local\Temp\surefire17432963547812492503\surefirebooter11301317573799331440.jar C:\Users\Sebastian\AppData\Local\Temp\surefire17432963547812492503 2019-12-12T23-36-03_474-jvmRun1 surefire4034222961273652134tmp surefire_015809644679153386551tmp"/>
>>>>>>> a15a57775f88bf58a8c061e6cda4ce835cc89781
    <property name="jdk.debug" value="release"/>
    <property name="surefire.test.class.path" value="C:\Users\Sebastian\StudosApp\Studos\target\test-classes;C:\Users\Sebastian\StudosApp\Studos\target\classes;C:\Users\Sebastian\.m2\repository\junit\junit\4.11\junit-4.11.jar;C:\Users\Sebastian\.m2\repository\org\hamcrest\hamcrest-core\1.3\hamcrest-core-1.3.jar;"/>
    <property name="sun.cpu.endian" value="little"/>
    <property name="user.home" value="C:\Users\Sebastian"/>
    <property name="user.language" value="pl"/>
    <property name="java.specification.vendor" value="Oracle Corporation"/>
    <property name="java.version.date" value="2019-10-15"/>
    <property name="java.home" value="C:\Biblioteki\Amazon-Corretto\jdk11.0.5_10"/>
    <property name="file.separator" value="\"/>
    <property name="basedir" value="C:\Users\Sebastian\StudosApp\Studos"/>
    <property name="java.vm.compressedOopsMode" value="32-bit"/>
>>>>>>> fe0236af4adabf7e706d6387c9f01de95b49c456
    <property name="line.separator" value="&#10;"/>
    <property name="java.vm.specification.vendor" value="Oracle Corporation"/>
    <property name="java.specification.name" value="Java Platform API Specification"/>
    <property name="java.awt.graphicsenv" value="sun.awt.Win32GraphicsEnvironment"/>
<<<<<<< HEAD
    <property name="surefire.real.class.path" value="C:\Users\Emanuil\AppData\Local\Temp\surefire5787920132515172662\surefirebooter6804218177166447677.jar"/>
    <property name="sun.boot.class.path" value="C:\Program Files\Amazon Corretto\jdk1.8.0_222\jre\lib\resources.jar;C:\Program Files\Amazon Corretto\jdk1.8.0_222\jre\lib\rt.jar;C:\Program Files\Amazon Corretto\jdk1.8.0_222\jre\lib\sunrsasign.jar;C:\Program Files\Amazon Corretto\jdk1.8.0_222\jre\lib\jsse.jar;C:\Program Files\Amazon Corretto\jdk1.8.0_222\jre\lib\jce.jar;C:\Program Files\Amazon Corretto\jdk1.8.0_222\jre\lib\charsets.jar;C:\Program Files\Amazon Corretto\jdk1.8.0_222\jre\lib\jfr.jar;C:\Program Files\Amazon Corretto\jdk1.8.0_222\jre\classes"/>
    <property name="user.script" value=""/>
    <property name="sun.management.compiler" value="HotSpot 64-Bit Tiered Compilers"/>
    <property name="java.runtime.version" value="1.8.0_222-b10"/>
    <property name="user.name" value="Emanuil"/>
=======
<<<<<<< HEAD
    <property name="surefire.real.class.path" value="C:\Users\Adrian\AppData\Local\Temp\surefire10555395378832625123\surefirebooter1355959534478970267.jar"/>
=======
    <property name="surefire.real.class.path" value="C:\Users\SEBAST~1\AppData\Local\Temp\surefire17432963547812492503\surefirebooter11301317573799331440.jar"/>
>>>>>>> a15a57775f88bf58a8c061e6cda4ce835cc89781
    <property name="user.script" value=""/>
    <property name="sun.management.compiler" value="HotSpot 64-Bit Tiered Compilers"/>
    <property name="java.runtime.version" value="11.0.5+10-LTS"/>
    <property name="user.name" value="Sebastian"/>
>>>>>>> fe0236af4adabf7e706d6387c9f01de95b49c456
    <property name="path.separator" value=";"/>
    <property name="os.version" value="10.0"/>
    <property name="java.endorsed.dirs" value="C:\Program Files\Amazon Corretto\jdk1.8.0_222\jre\lib\endorsed"/>
    <property name="java.runtime.name" value="OpenJDK Runtime Environment"/>
    <property name="file.encoding" value="Cp1252"/>
    <property name="java.vm.name" value="OpenJDK 64-Bit Server VM"/>
<<<<<<< HEAD
    <property name="localRepository" value="C:\Users\Emanuil\.m2\repository"/>
    <property name="java.vendor.url.bug" value="https://github.com/corretto/corretto-8/issues/"/>
    <property name="java.io.tmpdir" value="C:\Users\Emanuil\AppData\Local\Temp\"/>
    <property name="java.version" value="1.8.0_222"/>
    <property name="user.dir" value="C:\Users\Emanuil\Desktop\FutureBuiseness\newPr\Studos"/>
=======
    <property name="java.vendor.version" value="Corretto-11.0.5.10.1"/>
    <property name="localRepository" value="C:\Users\Sebastian\.m2\repository"/>
    <property name="java.vendor.url.bug" value="https://github.com/corretto/corretto-11/issues/"/>
    <property name="java.io.tmpdir" value="C:\Users\SEBAST~1\AppData\Local\Temp\"/>
    <property name="java.version" value="11.0.5"/>
    <property name="user.dir" value="C:\Users\Sebastian\StudosApp\Studos"/>
>>>>>>> fe0236af4adabf7e706d6387c9f01de95b49c456
    <property name="os.arch" value="amd64"/>
    <property name="java.vm.specification.name" value="Java Virtual Machine Specification"/>
    <property name="java.awt.printerjob" value="sun.awt.windows.WPrinterJob"/>
    <property name="sun.os.patch.level" value=""/>
<<<<<<< HEAD
    <property name="java.library.path" value="C:\Program Files\Amazon Corretto\jdk1.8.0_222\jre\bin;C:\WINDOWS\Sun\Java\bin;C:\WINDOWS\system32;C:\WINDOWS;C:\Python27\;C:\Python27\Scripts;C:\Program Files\Python37\Scripts\;C:\Program Files\Python37\;C:\Program Files\Amazon Corretto\jdk1.8.0_222\bin;C:\Program Files\Amazon Corretto\jdk11.0.4_10\bin;C:\Program Files (x86)\Common Files\Oracle\Java\javapath;C:\Windows\system32;C:\Windows;C:\Windows\System32\Wbem;C:\Windows\System32\WindowsPowerShell\v1.0\;C:\Windows\System32\OpenSSH\;C:\Program Files (x86)\NVIDIA Corporation\PhysX\Common;C:\WINDOWS\system32;C:\WINDOWS;C:\WINDOWS\System32\Wbem;C:\WINDOWS\System32\WindowsPowerShell\v1.0\;C:\WINDOWS\System32\OpenSSH\;C:\Program Files\nodejs\;C:\ProgramData\chocolatey\bin;C:\Program Files (x86)\Yarn\bin\;C:\Program Files\Git\cmd;C:\Ruby26-x64\bin;C:\Users\Emanuil\AppData\Local\Microsoft\WindowsApps;C:\Users\Emanuil\AppData\Local\GitHubDesktop\bin;C:\Users\Emanuil\AppData\Local\Programs\Microsoft VS Code\bin;C:\Users\Emanuil\sqlite-tools-win32-x86-3290000;C:\Users\Emanuil\AppData\Local\Microsoft\WindowsApps;C:\Users\Emanuil\SQLite x64;C:\Program Files\JetBrains\WebStorm 193.4697.16\bin;;C:\Users\Emanuil\AppData\Local\Programs\Python\Python37;C:\Users\Emanuil\AppData\Local\Programs\Python\Python37\Scripts;C:\Users\Emanuil\AppData\Roaming\npm;C:\Users\Emanuil\AppData\Local\Yarn\bin;C:\Program Files\Amazon Corretto\jdk1.8.0_222\apache-maven-3.6.3-bin\apache-maven-3.6.3;C:\Users\Emanuil\apache-maven-3.6.3\bin;;."/>
    <property name="java.vm.info" value="mixed mode"/>
    <property name="java.vendor" value="Amazon.com Inc."/>
    <property name="java.vm.version" value="25.222-b10"/>
    <property name="java.ext.dirs" value="C:\Program Files\Amazon Corretto\jdk1.8.0_222\jre\lib\ext;C:\WINDOWS\Sun\Java\lib\ext"/>
=======
    <property name="java.library.path" value="C:\Biblioteki\Amazon-Corretto\jdk11.0.5_10\bin;C:\WINDOWS\Sun\Java\bin;C:\WINDOWS\system32;C:\WINDOWS;C:\Biblioteki\Amazon-Corretto\jdk11.0.5_10\bin;C:\Biblioteki\Amazon-Corretto\jdk1.8.0_232\bin;C:\Program Files (x86)\Common Files\Oracle\Java\javapath;C:\Program Files (x86)\Intel\Intel(R) Management Engine Components\iCLS\;C:\Program Files\Intel\Intel(R) Management Engine Components\iCLS\;C:\Windows\system32;C:\Windows;C:\Windows\System32\Wbem;C:\Windows\System32\WindowsPowerShell\v1.0\;C:\Windows\System32\OpenSSH\;C:\Program Files (x86)\NVIDIA Corporation\PhysX\Common;C:\Program Files (x86)\Intel\Intel(R) Management Engine Components\DAL;C:\Program Files\Intel\Intel(R) Management Engine Components\DAL;C:\Program Files (x86)\Intel\Intel(R) Management Engine Components\IPT;C:\Program Files\Intel\Intel(R) Management Engine Components\IPT;C:\WINDOWS\system32;C:\WINDOWS;C:\WINDOWS\System32\Wbem;C:\WINDOWS\System32\WindowsPowerShell\v1.0\;C:\WINDOWS\System32\OpenSSH\;C:\Program Files\Intel\WiFi\bin\;C:\Program Files\Common Files\Intel\WirelessCommon\;C:\Program Files\Git\cmd;C:\Program Files (x86)\Maven\apache-maven-3.6.2\bin;C:\Users\Sebastian\AppData\Local\Programs\Microsoft VS Code\bin;."/>
    <property name="java.vendor" value="Amazon.com Inc."/>
    <property name="java.vm.info" value="mixed mode"/>
    <property name="java.vm.version" value="11.0.5+10-LTS"/>
>>>>>>> fe0236af4adabf7e706d6387c9f01de95b49c456
    <property name="sun.io.unicode.encoding" value="UnicodeLittle"/>
    <property name="java.class.version" value="52.0"/>
  </properties>
<<<<<<< HEAD
  <testcase name="shouldAnswerWithTrue" classname="studos.AppTest" time="0.008"/>
=======
<<<<<<< HEAD
  <testcase name="shouldAnswerWithTrue" classname="studos.AppTest" time="0.008"/>
=======
  <testcase name="shouldAnswerWithTrue" classname="studos.AppTest" time="0.005"/>
>>>>>>> a15a57775f88bf58a8c061e6cda4ce835cc89781
>>>>>>> fe0236af4adabf7e706d6387c9f01de95b49c456
</testsuite>